[INFO] Scanning for projects...
[INFO] 
[INFO] ------------------< com.freightfox:json-dataset-api >-------------------
[INFO] Building JSON Dataset API 1.0.0
[INFO]   from pom.xml
[INFO] --------------------------------[ jar ]---------------------------------
[INFO] 
[INFO] >>> spring-boot:3.2.2:run (default-cli) > test-compile @ json-dataset-api >>>
[INFO] 
[INFO] --- resources:3.3.1:resources (default-resources) @ json-dataset-api ---
[INFO] Copying 4 resources from src\main\resources to target\classes
[INFO] Copying 1 resource from src\main\resources to target\classes
[INFO] 
[INFO] --- compiler:3.11.0:compile (default-compile) @ json-dataset-api ---
[INFO] Nothing to compile - all classes are up to date
[INFO] 
[INFO] --- resources:3.3.1:testResources (default-testResources) @ json-dataset-api ---
[INFO] Not copying test resources
[INFO] 
[INFO] --- compiler:3.11.0:testCompile (default-testCompile) @ json-dataset-api ---
[INFO] Not compiling test sources
[INFO] 
[INFO] <<< spring-boot:3.2.2:run (default-cli) < test-compile @ json-dataset-api <<<
[INFO] 
[INFO] 
[INFO] --- spring-boot:3.2.2:run (default-cli) @ json-dataset-api ---
[INFO] Attaching agents: []

  .   ____          _            __ _ _
 /\\ / ___'_ __ _ _(_)_ __  __ _ \ \ \ \
( ( )\___ | '_ | '_| | '_ \/ _` | \ \ \ \
 \\/  ___)| |_)| | | | | || (_| |  ) ) ) )
  '  |____| .__|_| |_|_| |_\__, | / / / /
 =========|_|==============|___/=/_/_/_/
 :: Spring Boot ::                (v3.2.2)

2026-02-17 09:38:16 - Starting JsonDatasetApplication using Java 21.0.10 with PID 19684 (C:\Coding\Java\New_java\json-dataset-api\target\classes started by INDIA TECHNOLOGY in C:\Coding\Java\New_java\json-dataset-api)
2026-02-17 09:38:16 - Running with Spring Boot v3.2.2, Spring v6.1.3
2026-02-17 09:38:16 - The following 1 profile is active: "test"
2026-02-17 09:38:16 - Devtools property defaults active! Set 'spring.devtools.add-properties' to 'false' to disable
2026-02-17 09:38:16 - For additional web related logging consider setting the 'logging.level.web' property to 'DEBUG'
2026-02-17 09:38:17 - Bootstrapping Spring Data JPA repositories in DEFAULT mode.
2026-02-17 09:38:17 - Finished Spring Data repository scanning in 81 ms. Found 1 JPA repository interface.
2026-02-17 09:38:18 - Tomcat initialized with port 8080 (http)
2026-02-17 09:38:18 - Starting service [Tomcat]
2026-02-17 09:38:18 - Starting Servlet engine: [Apache Tomcat/10.1.18]
2026-02-17 09:38:18 - Initializing Spring embedded WebApplicationContext
2026-02-17 09:38:18 - Root WebApplicationContext: initialization completed in 2074 ms
2026-02-17 09:38:18 - Exception encountered during context initialization - cancelling refresh attempt: org.springframework.beans.factory.UnsatisfiedDependencyException: Error creating bean with name 'dataSourceScriptDatabaseInitializer' defined in class path resource [org/springframework/boot/autoconfigure/sql/init/DataSourceInitializationConfiguration.class]: Unsatisfied dependency expressed through method 'dataSourceScriptDatabaseInitializer' parameter 0: Error creating bean with name 'dataSource' defined in class path resource [org/springframework/boot/autoconfigure/jdbc/DataSourceConfiguration$Hikari.class]: Failed to instantiate [com.zaxxer.hikari.HikariDataSource]: Factory method 'dataSource' threw exception with message: Failed to determine a suitable driver class
2026-02-17 09:38:18 - Stopping service [Tomcat]
2026-02-17 09:38:18 - 

Error starting ApplicationContext. To display the condition evaluation report re-run your application with 'debug' enabled.
2026-02-17 09:38:18 - 

***************************
APPLICATION FAILED TO START
***************************

Description:

Failed to configure a DataSource: 'url' attribute is not specified and no embedded datasource could be configured.

Reason: Failed to determine a suitable driver class


Action:

Consider the following:
	If you want an embedded database (H2, HSQL or Derby), please put it on the classpath.
	If you have database settings to be loaded from a particular profile you may need to activate it (the profiles test are currently active).

[INFO] ------------------------------------------------------------------------
[INFO] BUILD SUCCESS
[INFO] ------------------------------------------------------------------------
[INFO] Total time:  7.004 s
[INFO] Finished at: 2026-02-17T09:38:18+05:30
[INFO] ------------------------------------------------------------------------
