[INFO] Scanning for projects...
[INFO] 
[INFO] ------------------< com.freightfox:json-dataset-api >-------------------
[INFO] Building JSON Dataset API 1.0.0
[INFO]   from pom.xml
[INFO] --------------------------------[ jar ]---------------------------------
[INFO] 
[INFO] >>> spring-boot:3.2.2:run (default-cli) > test-compile @ json-dataset-api >>>
[INFO] 
[INFO] --- resources:3.3.1:resources (default-resources) @ json-dataset-api ---
[INFO] Copying 4 resources from src\main\resources to target\classes
[INFO] Copying 1 resource from src\main\resources to target\classes
[INFO] 
[INFO] --- compiler:3.11.0:compile (default-compile) @ json-dataset-api ---
[INFO] Nothing to compile - all classes are up to date
[INFO] 
[INFO] --- resources:3.3.1:testResources (default-testResources) @ json-dataset-api ---
[INFO] Copying 2 resources from src\test\resources to target\test-classes
[INFO] 
[INFO] --- compiler:3.11.0:testCompile (default-testCompile) @ json-dataset-api ---
[INFO] Nothing to compile - all classes are up to date
[INFO] 
[INFO] <<< spring-boot:3.2.2:run (default-cli) < test-compile @ json-dataset-api <<<
[INFO] 
[INFO] 
[INFO] --- spring-boot:3.2.2:run (default-cli) @ json-dataset-api ---
[INFO] Attaching agents: []

  .   ____          _            __ _ _
 /\\ / ___'_ __ _ _(_)_ __  __ _ \ \ \ \
( ( )\___ | '_ | '_| | '_ \/ _` | \ \ \ \
 \\/  ___)| |_)| | | | | || (_| |  ) ) ) )
  '  |____| .__|_| |_|_| |_\__, | / / / /
 =========|_|==============|___/=/_/_/_/
 :: Spring Boot ::                (v3.2.2)

2026-02-17 09:43:22 - Starting JsonDatasetApplication using Java 21.0.10 with PID 18588 (C:\Coding\Java\New_java\json-dataset-api\target\classes started by INDIA TECHNOLOGY in C:\Coding\Java\New_java\json-dataset-api)
2026-02-17 09:43:22 - Running with Spring Boot v3.2.2, Spring v6.1.3
2026-02-17 09:43:22 - The following 1 profile is active: "dev"
2026-02-17 09:43:22 - Devtools property defaults active! Set 'spring.devtools.add-properties' to 'false' to disable
2026-02-17 09:43:22 - For additional web related logging consider setting the 'logging.level.web' property to 'DEBUG'
2026-02-17 09:43:23 - Bootstrapping Spring Data JPA repositories in DEFAULT mode.
2026-02-17 09:43:23 - Finished Spring Data repository scanning in 103 ms. Found 1 JPA repository interface.
2026-02-17 09:43:24 - Tomcat initialized with port 8080 (http)
2026-02-17 09:43:24 - Starting service [Tomcat]
2026-02-17 09:43:24 - Starting Servlet engine: [Apache Tomcat/10.1.18]
2026-02-17 09:43:24 - Initializing Spring embedded WebApplicationContext
2026-02-17 09:43:24 - Root WebApplicationContext: initialization completed in 2180 ms
2026-02-17 09:43:25 - HHH000204: Processing PersistenceUnitInfo [name: default]
2026-02-17 09:43:25 - HHH000412: Hibernate ORM core version 6.4.1.Final
2026-02-17 09:43:25 - HHH000026: Second-level cache disabled
2026-02-17 09:43:25 - HikariPool-1 - Starting...
2026-02-17 09:43:27 - HikariPool-1 - Added connection org.postgresql.jdbc.PgConnection@770d02e7
2026-02-17 09:43:27 - HikariPool-1 - Start completed.
2026-02-17 09:43:27 - HHH90000025: PostgreSQLDialect does not need to be specified explicitly using 'hibernate.dialect' (remove the property setting and it will be selected by default)
2026-02-17 09:43:27 - No LoadTimeWeaver setup: ignoring JPA class transformer
2026-02-17 09:43:29 - HHH000489: No JTA platform available (set 'hibernate.transaction.jta.platform' to enable JTA platform integration)
2026-02-17 09:43:30 - Initialized JPA EntityManagerFactory for persistence unit 'default'
2026-02-17 09:43:30 - Hibernate is in classpath; If applicable, HQL parser will be used.
2026-02-17 09:43:31 - 5 mappings in 'requestMappingHandlerMapping'
2026-02-17 09:43:31 - Default resource handling disabled
2026-02-17 09:43:31 - ControllerAdvice beans: 0 @ModelAttribute, 0 @InitBinder, 1 RequestBodyAdvice, 1 ResponseBodyAdvice
2026-02-17 09:43:31 - ControllerAdvice beans: 1 @ExceptionHandler, 1 ResponseBodyAdvice
2026-02-17 09:43:31 - Unable to start LiveReload server
2026-02-17 09:43:31 - Exception encountered during context initialization - cancelling refresh attempt: org.springframework.context.ApplicationContextException: Failed to start bean 'webServerStartStop'
2026-02-17 09:43:31 - Closing JPA EntityManagerFactory for persistence unit 'default'
2026-02-17 09:43:31 - HikariPool-1 - Shutdown initiated...
2026-02-17 09:43:31 - HikariPool-1 - Shutdown completed.
2026-02-17 09:43:31 - 

Error starting ApplicationContext. To display the condition evaluation report re-run your application with 'debug' enabled.
2026-02-17 09:43:32 - 

***************************
APPLICATION FAILED TO START
***************************

Description:

Web server failed to start. Port 8080 was already in use.

Action:

Identify and stop the process that's listening on port 8080 or configure this application to listen on another port.

[INFO] ------------------------------------------------------------------------
[INFO] BUILD SUCCESS
[INFO] ------------------------------------------------------------------------
[INFO] Total time:  13.955 s
[INFO] Finished at: 2026-02-17T09:43:32+05:30
[INFO] ------------------------------------------------------------------------
